<?xml version="1.0" encoding="UTF-8"?>
<!-- Generated by org.testng.reporters.JUnitReportReporter -->
<testsuite hostname="DESKTOP-H17FBGC" failures="0" tests="1" name="com.iiaccout.yiguan.sum" time="0.087" errors="0" timestamp="17 5æœˆ 2020 13:59:20 GMT" skipped="0">
  <testcase classname="com.iiaccout.yiguan.sum" name="TestNgLearn" time="0.087"/>
</testsuite> <!-- com.iiaccout.yiguan.sum -->
